[2024-08-07 13:48:35,363] p10381 {/Users/anyarulina/parser/scripts/yandex_info_reviews_parser/log.py:29} ERROR - Logging an uncaught exception
Traceback (most recent call last):
  File "/Users/anyarulina/parser/scripts/yandex_info_reviews_parser/after_work.py", line 348, in <module>
    merge_all_info(bank_name, path, drop_errors=False)
  File "/Users/anyarulina/parser/scripts/yandex_info_reviews_parser/after_work.py", line 190, in merge_all_info
    final_df = final_df[['ID', 'name', 'region', 'city', 'address','opening_hours',
  File "/Users/anyarulina/miniconda3/envs/main/lib/python3.9/site-packages/pandas/core/frame.py", line 3511, in __getitem__
    indexer = self.columns._get_indexer_strict(key, "columns")[1]
  File "/Users/anyarulina/miniconda3/envs/main/lib/python3.9/site-packages/pandas/core/indexes/base.py", line 5782, in _get_indexer_strict
    self._raise_if_missing(keyarr, indexer, axis_name)
  File "/Users/anyarulina/miniconda3/envs/main/lib/python3.9/site-packages/pandas/core/indexes/base.py", line 5845, in _raise_if_missing
    raise KeyError(f"{not_found} not in index")
KeyError: "['deposit', 'insurance', 'atmosphere', 'cleanliness', 'interior', 'queue'] not in index"
[2024-08-07 13:49:58,684] p10492 {/Users/anyarulina/parser/scripts/yandex_info_reviews_parser/log.py:29} ERROR - Logging an uncaught exception
Traceback (most recent call last):
  File "/Users/anyarulina/parser/scripts/yandex_info_reviews_parser/after_work.py", line 351, in <module>
    merge_all_info(bank_name, path, drop_errors=False)
  File "/Users/anyarulina/parser/scripts/yandex_info_reviews_parser/after_work.py", line 193, in merge_all_info
    final_df = final_df[['ID', 'name', 'region', 'city', 'address','opening_hours',
  File "/Users/anyarulina/miniconda3/envs/main/lib/python3.9/site-packages/pandas/core/frame.py", line 3511, in __getitem__
    indexer = self.columns._get_indexer_strict(key, "columns")[1]
  File "/Users/anyarulina/miniconda3/envs/main/lib/python3.9/site-packages/pandas/core/indexes/base.py", line 5782, in _get_indexer_strict
    self._raise_if_missing(keyarr, indexer, axis_name)
  File "/Users/anyarulina/miniconda3/envs/main/lib/python3.9/site-packages/pandas/core/indexes/base.py", line 5845, in _raise_if_missing
    raise KeyError(f"{not_found} not in index")
KeyError: "['deposit', 'insurance', 'atmosphere', 'cleanliness', 'interior', 'queue'] not in index"
[2024-08-07 13:52:56,170] p10681 {/Users/anyarulina/parser/scripts/yandex_info_reviews_parser/after_work.py:227} INFO - cities_without_bank 0
[2024-08-07 13:52:56,170] p10681 {/Users/anyarulina/parser/scripts/yandex_info_reviews_parser/after_work.py:234} INFO - final df
[2024-08-07 13:52:56,184] p10681 {/Users/anyarulina/parser/scripts/yandex_info_reviews_parser/after_work.py:236} INFO - final_df.shape (3683, 26)
[2024-08-07 13:52:57,543] p10681 {/Users/anyarulina/parser/scripts/yandex_info_reviews_parser/after_work.py:248} INFO - 624 unique cities saved
[2024-08-07 13:52:57,544] p10681 {/Users/anyarulina/parser/scripts/yandex_info_reviews_parser/after_work.py:264} INFO - not handled 11 cities: {'Башкортостан Октябрьский', 'Лысьва', 'Железнодорожный', 'Вышний Волочёк', 'д. Жуковка', 'Гусиноозёрск', 'Сосновый Бор', 'Сковородино', 'р.п. Краснообск', 'Кемеровская Берёзовский', 'Федоровский'}
[2024-08-07 13:53:44,015] p10754 {/Users/anyarulina/parser/scripts/yandex_info_reviews_parser/after_work.py:227} INFO - cities_without_bank 6
[2024-08-07 13:53:44,015] p10754 {/Users/anyarulina/parser/scripts/yandex_info_reviews_parser/after_work.py:234} INFO - final df
[2024-08-07 13:53:44,028] p10754 {/Users/anyarulina/parser/scripts/yandex_info_reviews_parser/after_work.py:236} INFO - final_df.shape (732, 26)
[2024-08-07 13:53:44,304] p10754 {/Users/anyarulina/parser/scripts/yandex_info_reviews_parser/after_work.py:248} INFO - 444 unique cities saved
[2024-08-07 13:53:44,304] p10754 {/Users/anyarulina/parser/scripts/yandex_info_reviews_parser/after_work.py:264} INFO - not handled 197 cities: {'п. Айхал', 'Кушва', 'Славгород', 'Заинск', 'Тайга', 'Нижнесортымский', 'Заполярный', 'Бронницы', 'пгт. Карымское', 'Вилючинск', 'Гагарин', 'Зубова Поляна', 'Фролово', 'пгт. Новая Чара', 'Таштагол', 'Ейск', 'Первомайск', 'Котельнич', 'Свободный', 'Шилка', 'Ершов', 'Буинск', 'Ува', 'п. Междуреченский', 'Грозный', 'п. Магдагачи', 'Вышний Волочёк', 'Фурманов', 'Гусиноозёрск', 'Исилькуль', 'Дедовск', 'Трёхгорный', 'Донецк', 'п. Новоорск', 'Райчихинск', 'Красноармейск', 'Муравленко', 'Железногорск-Илимский', 'Болотное', 'Дальнереченск', 'Тамань', 'Назрань', 'Завитинск', 'Аргун', 'Козьмодемьянск', 'Бологое', 'Избербаш', 'Прохладный', 'Талдом', 'Балабаново', 'Алдан', 'Кировск', 'Полярные зори', 'Губаха', 'п. Новый Ургал', 'Советский', 'Егорьевск', 'Снежинск', 'Луховицы', 'Сегежа', 'Ленск', 'Сортавала', 'Миллерово', 'Сальск', 'Кизляр', 'Топки', 'Кемь', 'Московский', 'Хотьково', 'Вихоревка', 'Кулебаки', 'Светлоград', 'Гуково', 'Сковородино', 'Тулун', 'Баксан', 'Фокино', 'д. Жуковка', 'Горноправдинск', 'Северобайкальск', 'Гудермес', 'Льгов', 'Буй', 'Мыски', 'Каспийск', 'Сергиев Посад', 'Новый Уренгой', 'Тербуны', 'Строитель', 'п. Придорожный', 'Североуральск', 'ЗАТО Сибирский', 'Ряжск', 'Мариинск', 'Свердловская Берёзовский', 'п. Таксимо', 'п. Мурино', 'Куровское', 'Нальчик', 'п. Светлый', 'Иланский', 'Черноголовка', 'Лесной', 'Краснознаменск', 'Холмск', 'Озерск', 'Малгобек', 'Заозёрск', 'р.п. Сенной', 'с. Красноселькуп', 'пос. Персиановский', 'Кызыл', 'пгт. Чернышевск', 'п. Ерофей Павлович', 'Тарко-Сале', 'Шаховская', 'пгт. Забайкальск', 'Советская Гавань', 'Гусев', 'Элиста', 'Кингисепп', 'Дербент', 'Башкортостан Октябрьский', 'Пущино', 'Карталы', 'Покачи', 'Петровск-Забайкальский', 'Удачный', 'Борзя', 'Апшеронск', 'Шали', 'Минеральные воды', 'Кимовск', 'п. Голышманово', 'Звенигово', 'Жирновск', 'п. Тазовский', 'п. Ванино', 'Амурск', 'Алейск', 'Городец', 'Железнодорожный', 'Могоча', 'Карабулак', 'Оса', 'Лотошино', 'Шахунья', 'Игрим', 'Суворов', 'Бирск', 'Хилок', 'п. Излучинск', 'Шимановск', 'Коряжма', 'Йошкар-Ола', 'Анадырь', 'Александров', 'Урус-Мартан', 'Берёзово', 'Черкесск', 'Федоровский', 'Кукмор', 'Сосногорск', 'Шумерля', 'пос. Саянский', 'ст. Талица', 'Зима', 'Саров', 'Зарайск', 'Воркута', 'Урюпинск', 'Лучегорск', 'Дзержинский', 'Норильск', 'Ноябрьск', 'Агрыз', 'п. Свободный', 'Алексеевка', 'Боготол', 'Кяхта', 'Полярный', 'Колпашево', 'Малиновский', 'Жуков', 'Моздок', 'Белоярский', 'Хасавюрт', 'Арск', 'ст. Павловская', 'Артёмовский', 'Семёнов', 'Шарья', 'Балтийск', 'Агинское', 'Старая Русса', 'Барабинск', 'Камышлов'}
[2024-08-07 17:58:08,269] p11790 {/Users/anyarulina/parser/scripts/yandex_info_reviews_parser/after_work.py:227} INFO - cities_without_bank 6
[2024-08-07 17:58:08,269] p11790 {/Users/anyarulina/parser/scripts/yandex_info_reviews_parser/after_work.py:234} INFO - final df
[2024-08-07 17:58:08,281] p11790 {/Users/anyarulina/parser/scripts/yandex_info_reviews_parser/after_work.py:236} INFO - final_df.shape (732, 25)
[2024-08-07 17:58:08,545] p11790 {/Users/anyarulina/parser/scripts/yandex_info_reviews_parser/after_work.py:248} INFO - 444 unique cities saved
[2024-08-07 17:58:08,546] p11790 {/Users/anyarulina/parser/scripts/yandex_info_reviews_parser/after_work.py:264} INFO - not handled 197 cities: {'Агинское', 'Шаховская', 'Луховицы', 'п. Магдагачи', 'Лесной', 'Куровское', 'п. Ванино', 'Старая Русса', 'Минеральные воды', 'Краснознаменск', 'Моздок', 'Суворов', 'Кингисепп', 'Покачи', 'Урус-Мартан', 'Алексеевка', 'Кукмор', 'Агрыз', 'Ершов', 'Кулебаки', 'п. Таксимо', 'Ейск', 'Топки', 'Фокино', 'Борзя', 'Шимановск', 'Гагарин', 'Вилючинск', 'Лотошино', 'Райчихинск', 'Заинск', 'Льгов', 'Сергиев Посад', 'Вышний Волочёк', 'п. Свободный', 'Советский', 'Талдом', 'Таштагол', 'Трёхгорный', 'Балтийск', 'Свободный', 'Северобайкальск', 'п. Тазовский', 'Элиста', 'Артёмовский', 'Железногорск-Илимский', 'Барабинск', 'Североуральск', 'Башкортостан Октябрьский', 'Тарко-Сале', 'Кяхта', 'Снежинск', 'Котельнич', 'Бронницы', 'Алейск', 'Тамань', 'Мыски', 'Шумерля', 'Полярные зори', 'Урюпинск', 'пгт. Забайкальск', 'ЗАТО Сибирский', 'Могоча', 'Красноармейск', 'Нальчик', 'Черкесск', 'Апшеронск', 'Хотьково', 'Избербаш', 'Берёзово', 'Зарайск', 'Оса', 'Фролово', 'пгт. Новая Чара', 'Муравленко', 'Заозёрск', 'п. Новый Ургал', 'Завитинск', 'Тербуны', 'Гудермес', 'Гусев', 'Пущино', 'Зима', 'Хилок', 'Озерск', 'Болотное', 'Белоярский', 'Сальск', 'Каспийск', 'п. Айхал', 'Зубова Поляна', 'Дзержинский', 'п. Междуреченский', 'Арск', 'Коряжма', 'Егорьевск', 'п. Голышманово', 'Звенигово', 'Буй', 'Советская Гавань', 'Хасавюрт', 'пос. Саянский', 'Черноголовка', 'п. Светлый', 'ст. Павловская', 'Свердловская Берёзовский', 'Дальнереченск', 'Бологое', 'Ленск', 'Петровск-Забайкальский', 'Светлоград', 'Жуков', 'Губаха', 'Кемь', 'Баксан', 'Назрань', 'Игрим', 'Мариинск', 'Тайга', 'пос. Персиановский', 'Боготол', 'Иланский', 'ст. Талица', 'Фурманов', 'Балабаново', 'Дедовск', 'Федоровский', 'Ноябрьск', 'Гусиноозёрск', 'Прохладный', 'Малиновский', 'Жирновск', 'Новый Уренгой', 'п. Придорожный', 'Кимовск', 'Карабулак', 'Саров', 'Аргун', 'р.п. Сенной', 'Шали', 'Малгобек', 'Норильск', 'Славгород', 'Сегежа', 'Анадырь', 'Лучегорск', 'Йошкар-Ола', 'Кушва', 'Заполярный', 'Семёнов', 'д. Жуковка', 'Колпашево', 'Грозный', 'Шарья', 'Вихоревка', 'Донецк', 'Ряжск', 'Александров', 'Горноправдинск', 'Исилькуль', 'Строитель', 'Камышлов', 'Холмск', 'Козьмодемьянск', 'Полярный', 'Сортавала', 'Дербент', 'Кизляр', 'Шилка', 'Городец', 'п. Ерофей Павлович', 'Удачный', 'Бирск', 'Амурск', 'Шахунья', 'Алдан', 'Ува', 'Гуково', 'Сосногорск', 'Железнодорожный', 'Воркута', 'Карталы', 'п. Мурино', 'Сковородино', 'Миллерово', 'Первомайск', 'Буинск', 'Кировск', 'п. Излучинск', 'пгт. Карымское', 'с. Красноселькуп', 'п. Новоорск', 'пгт. Чернышевск', 'Московский', 'Тулун', 'Кызыл', 'Нижнесортымский'}
[2024-08-07 17:59:39,214] p11861 {/Users/anyarulina/parser/scripts/yandex_info_reviews_parser/after_work.py:228} INFO - cities_without_bank 6
[2024-08-07 17:59:39,214] p11861 {/Users/anyarulina/parser/scripts/yandex_info_reviews_parser/after_work.py:235} INFO - final df
[2024-08-07 17:59:39,227] p11861 {/Users/anyarulina/parser/scripts/yandex_info_reviews_parser/after_work.py:237} INFO - final_df.shape (732, 25)
[2024-08-07 17:59:39,490] p11861 {/Users/anyarulina/parser/scripts/yandex_info_reviews_parser/after_work.py:249} INFO - 444 unique cities saved
[2024-08-07 17:59:39,490] p11861 {/Users/anyarulina/parser/scripts/yandex_info_reviews_parser/after_work.py:265} INFO - not handled 197 cities: {'Шумерля', 'Воркута', 'Гагарин', 'пгт. Чернышевск', 'пос. Саянский', 'Кызыл', 'Сортавала', 'Удачный', 'д. Жуковка', 'Ейск', 'Берёзово', 'Сальск', 'Дальнереченск', 'Городец', 'Петровск-Забайкальский', 'Шахунья', 'Звенигово', 'п. Таксимо', 'Балабаново', 'Мариинск', 'Донецк', 'Буинск', 'Алейск', 'Озерск', 'Камышлов', 'Белоярский', 'Свердловская Берёзовский', 'пгт. Забайкальск', 'Минеральные воды', 'Сергиев Посад', 'Могоча', 'Бирск', 'п. Мурино', 'Свободный', 'Заинск', 'Егорьевск', 'Башкортостан Октябрьский', 'Льгов', 'Кулебаки', 'Жирновск', 'Вихоревка', 'Кизляр', 'Полярный', 'Полярные зори', 'Черноголовка', 'Ноябрьск', 'Шаховская', 'Гусев', 'Алдан', 'Горноправдинск', 'Кингисепп', 'Хилок', 'Советский', 'Губаха', 'Райчихинск', 'Луховицы', 'Талдом', 'Колпашево', 'Арск', 'Ува', 'Балтийск', 'Дедовск', 'п. Тазовский', 'Кукмор', 'Муравленко', 'Анадырь', 'Таштагол', 'Сегежа', 'Фокино', 'п. Новый Ургал', 'ЗАТО Сибирский', 'Сковородино', 'Фурманов', 'р.п. Сенной', 'пос. Персиановский', 'Урус-Мартан', 'Пущино', 'п. Ерофей Павлович', 'Исилькуль', 'п. Придорожный', 'Назрань', 'Вышний Волочёк', 'Красноармейск', 'Кушва', 'Тербуны', 'Светлоград', 'ст. Талица', 'Ершов', 'п. Светлый', 'Элиста', 'Кимовск', 'Саров', 'Зарайск', 'Строитель', 'Баксан', 'Зима', 'Шарья', 'Тамань', 'Иланский', 'Лотошино', 'п. Свободный', 'Тарко-Сале', 'Каспийск', 'Лучегорск', 'Железнодорожный', 'Шали', 'Бронницы', 'Холмск', 'Игрим', 'Дзержинский', 'Апшеронск', 'Заполярный', 'Дербент', 'Йошкар-Ола', 'ст. Павловская', 'Гусиноозёрск', 'Агинское', 'Александров', 'Снежинск', 'Барабинск', 'п. Новоорск', 'Борзя', 'Буй', 'Ленск', 'Гудермес', 'Трёхгорный', 'Жуков', 'Североуральск', 'Котельнич', 'Вилючинск', 'Нижнесортымский', 'Славгород', 'Карабулак', 'Шилка', 'Болотное', 'Семёнов', 'Урюпинск', 'Хотьково', 'Суворов', 'Зубова Поляна', 'Фролово', 'Коряжма', 'Московский', 'Моздок', 'Прохладный', 'Агрыз', 'Грозный', 'Советская Гавань', 'Алексеевка', 'Миллерово', 'Кемь', 'Федоровский', 'Малгобек', 'Норильск', 'Нальчик', 'Новый Уренгой', 'Тайга', 'Артёмовский', 'Покачи', 'п. Магдагачи', 'Кяхта', 'Завитинск', 'Малиновский', 'Карталы', 'Шимановск', 'пгт. Новая Чара', 'Железногорск-Илимский', 'Северобайкальск', 'Избербаш', 'Ряжск', 'п. Ванино', 'Старая Русса', 'Топки', 'Мыски', 'п. Междуреченский', 'Амурск', 'пгт. Карымское', 'Краснознаменск', 'п. Излучинск', 'Аргун', 'Первомайск', 'Козьмодемьянск', 'Черкесск', 'Заозёрск', 'Куровское', 'Сосногорск', 'Хасавюрт', 'Боготол', 'с. Красноселькуп', 'Тулун', 'Лесной', 'Гуково', 'Кировск', 'п. Айхал', 'Оса', 'п. Голышманово', 'Бологое'}
[2024-08-07 18:00:14,907] p11919 {/Users/anyarulina/parser/scripts/yandex_info_reviews_parser/after_work.py:227} INFO - cities_without_bank 0
[2024-08-07 18:00:14,907] p11919 {/Users/anyarulina/parser/scripts/yandex_info_reviews_parser/after_work.py:234} INFO - final df
[2024-08-07 18:00:14,919] p11919 {/Users/anyarulina/parser/scripts/yandex_info_reviews_parser/after_work.py:236} INFO - final_df.shape (3683, 25)
[2024-08-07 18:00:16,238] p11919 {/Users/anyarulina/parser/scripts/yandex_info_reviews_parser/after_work.py:248} INFO - 624 unique cities saved
[2024-08-07 18:00:16,239] p11919 {/Users/anyarulina/parser/scripts/yandex_info_reviews_parser/after_work.py:264} INFO - not handled 11 cities: {'Башкортостан Октябрьский', 'Гусиноозёрск', 'Сковородино', 'Лысьва', 'р.п. Краснообск', 'Федоровский', 'д. Жуковка', 'Кемеровская Берёзовский', 'Вышний Волочёк', 'Сосновый Бор', 'Железнодорожный'}
