[2024-05-20 05:40:42,422] p25134 {/Users/anyarulina/yandex-info-reviews-parser/after_work.py:240} INFO - len final_df before filter 692613
[2024-05-20 05:40:43,019] p25134 {/Users/anyarulina/yandex-info-reviews-parser/after_work.py:262} INFO - len final_df after filter 466591
[2024-05-20 05:40:43,552] p25134 {/Users/anyarulina/yandex-info-reviews-parser/after_work.py:273} INFO - I will save reviews length of 466542
[2024-05-20 05:40:43,553] p25134 {/Users/anyarulina/yandex-info-reviews-parser/after_work.py:274} INFO - final_df.shape (466542, 8)
[2024-05-20 05:40:43,560] p25134 {/Users/anyarulina/yandex-info-reviews-parser/after_work.py:275} INFO - unique banks 3520
[2024-05-20 05:40:43,804] p25134 {/Users/anyarulina/yandex-info-reviews-parser/after_work.py:276} INFO - unique cities 617
[2024-05-20 05:42:16,861] p25220 {/Users/anyarulina/yandex-info-reviews-parser/after_work.py:240} INFO - len final_df before filter 692613
[2024-05-20 05:42:17,445] p25220 {/Users/anyarulina/yandex-info-reviews-parser/after_work.py:262} INFO - len final_df after filter 466591
[2024-05-20 05:42:17,964] p25220 {/Users/anyarulina/yandex-info-reviews-parser/after_work.py:273} INFO - I will save reviews length of 466542
[2024-05-20 05:42:17,964] p25220 {/Users/anyarulina/yandex-info-reviews-parser/after_work.py:274} INFO - final_df.shape (466542, 8)
[2024-05-20 05:42:17,972] p25220 {/Users/anyarulina/yandex-info-reviews-parser/after_work.py:275} INFO - unique banks 3520
[2024-05-20 05:42:18,217] p25220 {/Users/anyarulina/yandex-info-reviews-parser/after_work.py:276} INFO - unique cities 617
[2024-05-20 05:42:40,474] p25272 {/Users/anyarulina/yandex-info-reviews-parser/after_work.py:240} INFO - len final_df before filter 181909
[2024-05-20 05:42:40,631] p25272 {/Users/anyarulina/yandex-info-reviews-parser/after_work.py:262} INFO - len final_df after filter 68094
[2024-05-20 05:42:40,711] p25272 {/Users/anyarulina/yandex-info-reviews-parser/after_work.py:273} INFO - I will save reviews length of 67830
[2024-05-20 05:42:40,711] p25272 {/Users/anyarulina/yandex-info-reviews-parser/after_work.py:274} INFO - final_df.shape (67830, 8)
[2024-05-20 05:42:40,712] p25272 {/Users/anyarulina/yandex-info-reviews-parser/after_work.py:275} INFO - unique banks 538
[2024-05-20 05:42:40,743] p25272 {/Users/anyarulina/yandex-info-reviews-parser/after_work.py:276} INFO - unique cities 384
[2024-05-20 05:42:56,319] p25272 {/Users/anyarulina/yandex-info-reviews-parser/after_work.py:284} INFO - I saved reviews length of 67830
[2024-05-20 08:52:18,463] p27616 {/Users/anyarulina/yandex-info-reviews-parser/after_work.py:240} INFO - len final_df before filter 181909
[2024-05-20 08:52:18,618] p27616 {/Users/anyarulina/yandex-info-reviews-parser/after_work.py:262} INFO - len final_df after filter 68094
[2024-05-20 08:52:18,700] p27616 {/Users/anyarulina/yandex-info-reviews-parser/after_work.py:273} INFO - I will save reviews length of 67830
[2024-05-20 08:52:18,700] p27616 {/Users/anyarulina/yandex-info-reviews-parser/after_work.py:274} INFO - final_df.shape (67830, 8)
[2024-05-20 08:52:18,702] p27616 {/Users/anyarulina/yandex-info-reviews-parser/after_work.py:275} INFO - unique banks 538
[2024-05-20 08:52:18,732] p27616 {/Users/anyarulina/yandex-info-reviews-parser/after_work.py:276} INFO - unique cities 384
[2024-05-20 08:52:35,092] p27616 {/Users/anyarulina/yandex-info-reviews-parser/after_work.py:284} INFO - I saved reviews length of 67830
[2024-05-20 08:55:54,737] p27736 {/Users/anyarulina/yandex-info-reviews-parser/after_work.py:240} INFO - len final_df before filter 692666
[2024-05-20 08:55:55,311] p27736 {/Users/anyarulina/yandex-info-reviews-parser/after_work.py:262} INFO - len final_df after filter 466591
[2024-05-20 08:55:55,847] p27736 {/Users/anyarulina/yandex-info-reviews-parser/after_work.py:273} INFO - I will save reviews length of 466542
[2024-05-20 08:55:55,848] p27736 {/Users/anyarulina/yandex-info-reviews-parser/after_work.py:274} INFO - final_df.shape (466542, 8)
[2024-05-20 08:55:55,856] p27736 {/Users/anyarulina/yandex-info-reviews-parser/after_work.py:275} INFO - unique banks 3520
[2024-05-20 08:55:56,099] p27736 {/Users/anyarulina/yandex-info-reviews-parser/after_work.py:276} INFO - unique cities 617
[2024-05-20 08:56:45,530] p27736 {/Users/anyarulina/yandex-info-reviews-parser/log.py:32} ERROR - Logging an uncaught exception
Traceback (most recent call last):
  File "/Users/anyarulina/yandex-info-reviews-parser/after_work.py", line 303, in <module>
    merge_all_reviews(bank_name, path, drop_errors=False, filter_by_info_df=True)
  File "/Users/anyarulina/yandex-info-reviews-parser/after_work.py", line 281, in merge_all_reviews
    final_df.to_excel(f'{path}/reviews_all/{bank_name}_reviews_{today}.xlsx', index=False)
  File "/Users/anyarulina/miniconda3/envs/main/lib/python3.9/site-packages/pandas/core/generic.py", line 2345, in to_excel
    formatter.write(
  File "/Users/anyarulina/miniconda3/envs/main/lib/python3.9/site-packages/pandas/io/formats/excel.py", line 904, in write
    writer.close()
  File "/Users/anyarulina/miniconda3/envs/main/lib/python3.9/site-packages/pandas/io/excel/_base.py", line 1205, in close
    self.save()
  File "/Users/anyarulina/miniconda3/envs/main/lib/python3.9/site-packages/pandas/io/excel/_openpyxl.py", line 81, in save
    self.book.save(self.handles.handle)
  File "/Users/anyarulina/miniconda3/envs/main/lib/python3.9/site-packages/openpyxl/workbook/workbook.py", line 386, in save
    save_workbook(self, filename)
  File "/Users/anyarulina/miniconda3/envs/main/lib/python3.9/site-packages/openpyxl/writer/excel.py", line 294, in save_workbook
    writer.save()
  File "/Users/anyarulina/miniconda3/envs/main/lib/python3.9/site-packages/openpyxl/writer/excel.py", line 275, in save
    self.write_data()
  File "/Users/anyarulina/miniconda3/envs/main/lib/python3.9/site-packages/openpyxl/writer/excel.py", line 77, in write_data
    self._write_worksheets()
  File "/Users/anyarulina/miniconda3/envs/main/lib/python3.9/site-packages/openpyxl/writer/excel.py", line 215, in _write_worksheets
    self.write_worksheet(ws)
  File "/Users/anyarulina/miniconda3/envs/main/lib/python3.9/site-packages/openpyxl/writer/excel.py", line 200, in write_worksheet
    writer.write()
  File "/Users/anyarulina/miniconda3/envs/main/lib/python3.9/site-packages/openpyxl/worksheet/_writer.py", line 359, in write
    self.write_rows()
  File "/Users/anyarulina/miniconda3/envs/main/lib/python3.9/site-packages/openpyxl/worksheet/_writer.py", line 125, in write_rows
    self.write_row(xf, row, row_idx)
  File "/Users/anyarulina/miniconda3/envs/main/lib/python3.9/site-packages/openpyxl/worksheet/_writer.py", line 147, in write_row
    write_cell(xf, self.ws, cell, cell.has_style)
  File "/Users/anyarulina/miniconda3/envs/main/lib/python3.9/site-packages/openpyxl/cell/_writer.py", line 150, in lxml_write_cell
    with xf.element("v"):
  File "src/lxml/serializer.pxi", line 1827, in lxml.etree._FileWriterElement.__enter__
  File "src/lxml/serializer.pxi", line 1534, in lxml.etree._IncrementalFileWriter._write_start_element
  File "src/lxml/serializer.pxi", line 1699, in lxml.etree._IncrementalFileWriter._handle_error
  File "src/lxml/serializer.pxi", line 198, in lxml.etree._raiseSerialisationError
lxml.etree.SerialisationError: IO_WRITE
[2024-05-20 09:25:25,251] p28191 {/Users/anyarulina/yandex-info-reviews-parser/pipeline_review.py:158} INFO - start pipeline for alfa_bank at 2024-05-20 09:25:25.251291
[2024-05-20 09:25:25,251] p28191 {/Users/anyarulina/yandex-info-reviews-parser/pipeline_review.py:162} INFO - 631 cities in input
[2024-05-20 09:25:25,252] p28191 {/Users/anyarulina/yandex-info-reviews-parser/pipeline_review.py:104} INFO - start get info for alfa_bank at 2024-05-20 09:25:25.252189
[2024-05-20 09:25:25,270] p28191 {/Users/anyarulina/yandex-info-reviews-parser/pipeline_review.py:38} INFO - len existing_reviews  1533
[2024-05-20 09:25:25,348] p28191 {/Users/anyarulina/yandex-info-reviews-parser/pipeline_review.py:61} INFO - len existing_links  2173
[2024-05-20 09:25:25,349] p28191 {/Users/anyarulina/yandex-info-reviews-parser/pipeline_review.py:88} INFO - len not_handled_reviews  652
[2024-05-20 09:25:25,350] p28191 {/Users/anyarulina/yandex-info-reviews-parser/pipeline_review.py:133} INFO - I will get reviews for 590 banks
[2024-05-20 09:25:25,350] p28191 {/Users/anyarulina/yandex-info-reviews-parser/get_reviews.py:79} INFO - starting get reviews for Дивногорск city
[2024-05-20 09:25:25,350] p28191 {/Users/anyarulina/yandex-info-reviews-parser/get_reviews.py:98} INFO - I will handle 1 banks for city Дивногорск
[2024-05-20 09:25:25,350] p28191 {/Users/anyarulina/yandex-info-reviews-parser/get_reviews.py:99} INFO - links: ['https://yandex.ru/maps/org/alfa_bank/78650178492']
[2024-05-20 09:25:25,350] p28191 {/Users/anyarulina/yandex-info-reviews-parser/get_reviews.py:117} INFO - starting get reviews for id 78650178492
[2024-05-20 09:25:26,205] p28191 {/Users/anyarulina/miniconda3/envs/main/lib/python3.9/site-packages/undetected_chromedriver/patcher.py:346} INFO - patching driver executable /Users/anyarulina/Library/Application Support/undetected_chromedriver/undetected_chromedriver
[2024-05-20 09:25:30,539] p28191 {/Users/anyarulina/yandex-info-reviews-parser/get_reviews.py:126} INFO - ERRORed organization_url https://yandex.ru/maps/org/alfa_bank/78650178492 Message: unknown error: cannot connect to chrome at 127.0.0.1:56676
from session not created: This version of ChromeDriver only supports Chrome version 125
Current browser version is 124.0.6367.209
Stacktrace:
0   undetected_chromedriver             0x00000001013488f8 undetected_chromedriver + 5146872
1   undetected_chromedriver             0x000000010134086a undetected_chromedriver + 5113962
2   undetected_chromedriver             0x0000000100ec1b6c undetected_chromedriver + 400236
3   undetected_chromedriver             0x0000000100efdec3 undetected_chromedriver + 646851
4   undetected_chromedriver             0x0000000100efcfe0 undetected_chromedriver + 643040
5   undetected_chromedriver             0x0000000100ef3557 undetected_chromedriver + 603479
6   undetected_chromedriver             0x0000000100f3e64a undetected_chromedriver + 910922
7   undetected_chromedriver             0x0000000100f316d3 undetected_chromedriver + 857811
8   undetected_chromedriver             0x0000000100f01385 undetected_chromedriver + 660357
9   undetected_chromedriver             0x0000000100f01c1e undetected_chromedriver + 662558
10  undetected_chromedriver             0x000000010130ac60 undetected_chromedriver + 4893792
11  undetected_chromedriver             0x0000000101310699 undetected_chromedriver + 4916889
12  undetected_chromedriver             0x00000001012ec384 undetected_chromedriver + 4768644
13  undetected_chromedriver             0x0000000101311179 undetected_chromedriver + 4919673
14  undetected_chromedriver             0x00000001012ddc74 undetected_chromedriver + 4709492
15  undetected_chromedriver             0x0000000101331008 undetected_chromedriver + 5050376
16  undetected_chromedriver             0x00000001013311c7 undetected_chromedriver + 5050823
17  undetected_chromedriver             0x000000010134041e undetected_chromedriver + 5112862
18  libsystem_pthread.dylib             0x00007ff818fb018b _pthread_start + 99
19  libsystem_pthread.dylib             0x00007ff818fabae3 thread_start + 15

[2024-05-20 09:25:30,539] p28191 {/Users/anyarulina/yandex-info-reviews-parser/get_reviews.py:127} INFO - 78650178492 not handled
[2024-05-20 09:25:30,539] p28191 {/Users/anyarulina/yandex-info-reviews-parser/get_reviews.py:152} INFO - where are no handled banks in city Дивногорск lentgh of 0: {}
[2024-05-20 09:25:30,539] p28191 {/Users/anyarulina/yandex-info-reviews-parser/get_reviews.py:79} INFO - starting get reviews for Талдом city
[2024-05-20 09:25:30,540] p28191 {/Users/anyarulina/yandex-info-reviews-parser/get_reviews.py:98} INFO - I will handle 1 banks for city Талдом
[2024-05-20 09:25:30,540] p28191 {/Users/anyarulina/yandex-info-reviews-parser/get_reviews.py:99} INFO - links: ['https://yandex.ru/maps/org/alfa_bank/89979811152']
[2024-05-20 09:25:30,540] p28191 {/Users/anyarulina/yandex-info-reviews-parser/get_reviews.py:117} INFO - starting get reviews for id 89979811152
[2024-05-20 09:25:31,232] p28191 {/Users/anyarulina/miniconda3/envs/main/lib/python3.9/site-packages/undetected_chromedriver/patcher.py:346} INFO - patching driver executable /Users/anyarulina/Library/Application Support/undetected_chromedriver/undetected_chromedriver
[2024-05-20 09:25:35,525] p28191 {/Users/anyarulina/yandex-info-reviews-parser/get_reviews.py:126} INFO - ERRORed organization_url https://yandex.ru/maps/org/alfa_bank/89979811152 Message: unknown error: cannot connect to chrome at 127.0.0.1:56724
from session not created: This version of ChromeDriver only supports Chrome version 125
Current browser version is 124.0.6367.209
Stacktrace:
0   undetected_chromedriver             0x00000001006938f8 undetected_chromedriver + 5146872
1   undetected_chromedriver             0x000000010068b86a undetected_chromedriver + 5113962
2   undetected_chromedriver             0x000000010020cb6c undetected_chromedriver + 400236
3   undetected_chromedriver             0x0000000100248ec3 undetected_chromedriver + 646851
4   undetected_chromedriver             0x0000000100247fe0 undetected_chromedriver + 643040
5   undetected_chromedriver             0x000000010023e557 undetected_chromedriver + 603479
6   undetected_chromedriver             0x000000010028964a undetected_chromedriver + 910922
7   undetected_chromedriver             0x000000010027c6d3 undetected_chromedriver + 857811
8   undetected_chromedriver             0x000000010024c385 undetected_chromedriver + 660357
9   undetected_chromedriver             0x000000010024cc1e undetected_chromedriver + 662558
10  undetected_chromedriver             0x0000000100655c60 undetected_chromedriver + 4893792
11  undetected_chromedriver             0x000000010065b699 undetected_chromedriver + 4916889
12  undetected_chromedriver             0x0000000100637384 undetected_chromedriver + 4768644
13  undetected_chromedriver             0x000000010065c179 undetected_chromedriver + 4919673
14  undetected_chromedriver             0x0000000100628c74 undetected_chromedriver + 4709492
15  undetected_chromedriver             0x000000010067c008 undetected_chromedriver + 5050376
16  undetected_chromedriver             0x000000010067c1c7 undetected_chromedriver + 5050823
17  undetected_chromedriver             0x000000010068b41e undetected_chromedriver + 5112862
18  libsystem_pthread.dylib             0x00007ff818fb018b _pthread_start + 99
19  libsystem_pthread.dylib             0x00007ff818fabae3 thread_start + 15

[2024-05-20 09:25:35,526] p28191 {/Users/anyarulina/yandex-info-reviews-parser/get_reviews.py:127} INFO - 89979811152 not handled
[2024-05-20 09:25:35,526] p28191 {/Users/anyarulina/yandex-info-reviews-parser/get_reviews.py:152} INFO - where are no handled banks in city Талдом lentgh of 0: {}
[2024-05-20 09:25:35,526] p28191 {/Users/anyarulina/yandex-info-reviews-parser/get_reviews.py:79} INFO - starting get reviews for Дальнегорск city
[2024-05-20 09:25:35,527] p28191 {/Users/anyarulina/yandex-info-reviews-parser/get_reviews.py:98} INFO - I will handle 1 banks for city Дальнегорск
[2024-05-20 09:25:35,527] p28191 {/Users/anyarulina/yandex-info-reviews-parser/get_reviews.py:99} INFO - links: ['https://yandex.ru/maps/org/alfa_bank/219270464821']
[2024-05-20 09:25:35,527] p28191 {/Users/anyarulina/yandex-info-reviews-parser/get_reviews.py:117} INFO - starting get reviews for id 219270464821
[2024-05-20 09:25:36,371] p28191 {/Users/anyarulina/miniconda3/envs/main/lib/python3.9/site-packages/undetected_chromedriver/patcher.py:346} INFO - patching driver executable /Users/anyarulina/Library/Application Support/undetected_chromedriver/undetected_chromedriver
[2024-05-20 09:25:40,610] p28191 {/Users/anyarulina/yandex-info-reviews-parser/get_reviews.py:126} INFO - ERRORed organization_url https://yandex.ru/maps/org/alfa_bank/219270464821 Message: unknown error: cannot connect to chrome at 127.0.0.1:56771
from session not created: This version of ChromeDriver only supports Chrome version 125
Current browser version is 124.0.6367.209
Stacktrace:
0   undetected_chromedriver             0x0000000104c8f8f8 undetected_chromedriver + 5146872
1   undetected_chromedriver             0x0000000104c8786a undetected_chromedriver + 5113962
2   undetected_chromedriver             0x0000000104808b6c undetected_chromedriver + 400236
3   undetected_chromedriver             0x0000000104844ec3 undetected_chromedriver + 646851
4   undetected_chromedriver             0x0000000104843fe0 undetected_chromedriver + 643040
5   undetected_chromedriver             0x000000010483a557 undetected_chromedriver + 603479
6   undetected_chromedriver             0x000000010488564a undetected_chromedriver + 910922
7   undetected_chromedriver             0x00000001048786d3 undetected_chromedriver + 857811
8   undetected_chromedriver             0x0000000104848385 undetected_chromedriver + 660357
9   undetected_chromedriver             0x0000000104848c1e undetected_chromedriver + 662558
10  undetected_chromedriver             0x0000000104c51c60 undetected_chromedriver + 4893792
11  undetected_chromedriver             0x0000000104c57699 undetected_chromedriver + 4916889
12  undetected_chromedriver             0x0000000104c33384 undetected_chromedriver + 4768644
13  undetected_chromedriver             0x0000000104c58179 undetected_chromedriver + 4919673
14  undetected_chromedriver             0x0000000104c24c74 undetected_chromedriver + 4709492
15  undetected_chromedriver             0x0000000104c78008 undetected_chromedriver + 5050376
16  undetected_chromedriver             0x0000000104c781c7 undetected_chromedriver + 5050823
17  undetected_chromedriver             0x0000000104c8741e undetected_chromedriver + 5112862
18  libsystem_pthread.dylib             0x00007ff818fb018b _pthread_start + 99
19  libsystem_pthread.dylib             0x00007ff818fabae3 thread_start + 15

[2024-05-20 09:25:40,610] p28191 {/Users/anyarulina/yandex-info-reviews-parser/get_reviews.py:127} INFO - 219270464821 not handled
[2024-05-20 09:25:40,611] p28191 {/Users/anyarulina/yandex-info-reviews-parser/get_reviews.py:152} INFO - where are no handled banks in city Дальнегорск lentgh of 0: {}
[2024-05-20 09:25:40,611] p28191 {/Users/anyarulina/yandex-info-reviews-parser/get_reviews.py:79} INFO - starting get reviews for Карталы city
[2024-05-20 09:25:40,611] p28191 {/Users/anyarulina/yandex-info-reviews-parser/get_reviews.py:98} INFO - I will handle 1 banks for city Карталы
[2024-05-20 09:25:40,611] p28191 {/Users/anyarulina/yandex-info-reviews-parser/get_reviews.py:99} INFO - links: ['https://yandex.ru/maps/org/alfa_bank/171138846799']
[2024-05-20 09:25:40,611] p28191 {/Users/anyarulina/yandex-info-reviews-parser/get_reviews.py:117} INFO - starting get reviews for id 171138846799
[2024-05-20 09:25:41,437] p28191 {/Users/anyarulina/miniconda3/envs/main/lib/python3.9/site-packages/undetected_chromedriver/patcher.py:346} INFO - patching driver executable /Users/anyarulina/Library/Application Support/undetected_chromedriver/undetected_chromedriver
[2024-05-20 09:25:46,213] p28191 {/Users/anyarulina/yandex-info-reviews-parser/get_reviews.py:126} INFO - ERRORed organization_url https://yandex.ru/maps/org/alfa_bank/171138846799 Message: unknown error: cannot connect to chrome at 127.0.0.1:56819
from session not created: This version of ChromeDriver only supports Chrome version 125
Current browser version is 124.0.6367.209
Stacktrace:
0   undetected_chromedriver             0x00000001046ce8f8 undetected_chromedriver + 5146872
1   undetected_chromedriver             0x00000001046c686a undetected_chromedriver + 5113962
2   undetected_chromedriver             0x0000000104247b6c undetected_chromedriver + 400236
3   undetected_chromedriver             0x0000000104283ec3 undetected_chromedriver + 646851
4   undetected_chromedriver             0x0000000104282fe0 undetected_chromedriver + 643040
5   undetected_chromedriver             0x0000000104279557 undetected_chromedriver + 603479
6   undetected_chromedriver             0x00000001042c464a undetected_chromedriver + 910922
7   undetected_chromedriver             0x00000001042b76d3 undetected_chromedriver + 857811
8   undetected_chromedriver             0x0000000104287385 undetected_chromedriver + 660357
9   undetected_chromedriver             0x0000000104287c1e undetected_chromedriver + 662558
10  undetected_chromedriver             0x0000000104690c60 undetected_chromedriver + 4893792
11  undetected_chromedriver             0x0000000104696699 undetected_chromedriver + 4916889
12  undetected_chromedriver             0x0000000104672384 undetected_chromedriver + 4768644
13  undetected_chromedriver             0x0000000104697179 undetected_chromedriver + 4919673
14  undetected_chromedriver             0x0000000104663c74 undetected_chromedriver + 4709492
15  undetected_chromedriver             0x00000001046b7008 undetected_chromedriver + 5050376
16  undetected_chromedriver             0x00000001046b71c7 undetected_chromedriver + 5050823
17  undetected_chromedriver             0x00000001046c641e undetected_chromedriver + 5112862
18  libsystem_pthread.dylib             0x00007ff818fb018b _pthread_start + 99
19  libsystem_pthread.dylib             0x00007ff818fabae3 thread_start + 15

[2024-05-20 09:25:46,213] p28191 {/Users/anyarulina/yandex-info-reviews-parser/get_reviews.py:127} INFO - 171138846799 not handled
[2024-05-20 09:25:46,213] p28191 {/Users/anyarulina/yandex-info-reviews-parser/get_reviews.py:152} INFO - where are no handled banks in city Карталы lentgh of 0: {}
[2024-05-20 09:25:46,213] p28191 {/Users/anyarulina/yandex-info-reviews-parser/get_reviews.py:79} INFO - starting get reviews for Дербент city
[2024-05-20 09:25:46,215] p28191 {/Users/anyarulina/yandex-info-reviews-parser/get_reviews.py:98} INFO - I will handle 1 banks for city Дербент
[2024-05-20 09:25:46,215] p28191 {/Users/anyarulina/yandex-info-reviews-parser/get_reviews.py:99} INFO - links: ['https://yandex.ru/maps/org/alfa_bank/70549324753']
[2024-05-20 09:25:46,215] p28191 {/Users/anyarulina/yandex-info-reviews-parser/get_reviews.py:117} INFO - starting get reviews for id 70549324753
[2024-05-20 09:25:47,131] p28191 {/Users/anyarulina/miniconda3/envs/main/lib/python3.9/site-packages/undetected_chromedriver/patcher.py:346} INFO - patching driver executable /Users/anyarulina/Library/Application Support/undetected_chromedriver/undetected_chromedriver
[2024-05-20 09:25:51,511] p28191 {/Users/anyarulina/yandex-info-reviews-parser/get_reviews.py:126} INFO - ERRORed organization_url https://yandex.ru/maps/org/alfa_bank/70549324753 Message: unknown error: cannot connect to chrome at 127.0.0.1:56873
from session not created: This version of ChromeDriver only supports Chrome version 125
Current browser version is 124.0.6367.209
Stacktrace:
0   undetected_chromedriver             0x0000000102bc78f8 undetected_chromedriver + 5146872
1   undetected_chromedriver             0x0000000102bbf86a undetected_chromedriver + 5113962
2   undetected_chromedriver             0x0000000102740b6c undetected_chromedriver + 400236
3   undetected_chromedriver             0x000000010277cec3 undetected_chromedriver + 646851
4   undetected_chromedriver             0x000000010277bfe0 undetected_chromedriver + 643040
5   undetected_chromedriver             0x0000000102772557 undetected_chromedriver + 603479
6   undetected_chromedriver             0x00000001027bd64a undetected_chromedriver + 910922
7   undetected_chromedriver             0x00000001027b06d3 undetected_chromedriver + 857811
8   undetected_chromedriver             0x0000000102780385 undetected_chromedriver + 660357
9   undetected_chromedriver             0x0000000102780c1e undetected_chromedriver + 662558
10  undetected_chromedriver             0x0000000102b89c60 undetected_chromedriver + 4893792
11  undetected_chromedriver             0x0000000102b8f699 undetected_chromedriver + 4916889
12  undetected_chromedriver             0x0000000102b6b384 undetected_chromedriver + 4768644
13  undetected_chromedriver             0x0000000102b90179 undetected_chromedriver + 4919673
14  undetected_chromedriver             0x0000000102b5cc74 undetected_chromedriver + 4709492
15  undetected_chromedriver             0x0000000102bb0008 undetected_chromedriver + 5050376
16  undetected_chromedriver             0x0000000102bb01c7 undetected_chromedriver + 5050823
17  undetected_chromedriver             0x0000000102bbf41e undetected_chromedriver + 5112862
18  libsystem_pthread.dylib             0x00007ff818fb018b _pthread_start + 99
19  libsystem_pthread.dylib             0x00007ff818fabae3 thread_start + 15

[2024-05-20 09:25:51,512] p28191 {/Users/anyarulina/yandex-info-reviews-parser/get_reviews.py:127} INFO - 70549324753 not handled
[2024-05-20 09:25:51,512] p28191 {/Users/anyarulina/yandex-info-reviews-parser/get_reviews.py:152} INFO - where are no handled banks in city Дербент lentgh of 0: {}
[2024-05-20 09:25:51,512] p28191 {/Users/anyarulina/yandex-info-reviews-parser/get_reviews.py:79} INFO - starting get reviews for Белая Калитва city
[2024-05-20 09:25:51,512] p28191 {/Users/anyarulina/yandex-info-reviews-parser/get_reviews.py:98} INFO - I will handle 1 banks for city Белая Калитва
[2024-05-20 09:25:51,513] p28191 {/Users/anyarulina/yandex-info-reviews-parser/get_reviews.py:99} INFO - links: ['https://yandex.ru/maps/org/alfa_bank/53218837201']
[2024-05-20 09:25:51,513] p28191 {/Users/anyarulina/yandex-info-reviews-parser/get_reviews.py:117} INFO - starting get reviews for id 53218837201
[2024-05-20 09:25:53,044] p28191 {/Users/anyarulina/miniconda3/envs/main/lib/python3.9/site-packages/undetected_chromedriver/patcher.py:346} INFO - patching driver executable /Users/anyarulina/Library/Application Support/undetected_chromedriver/undetected_chromedriver
[2024-05-20 09:25:57,285] p28191 {/Users/anyarulina/yandex-info-reviews-parser/get_reviews.py:126} INFO - ERRORed organization_url https://yandex.ru/maps/org/alfa_bank/53218837201 Message: unknown error: cannot connect to chrome at 127.0.0.1:56921
from session not created: This version of ChromeDriver only supports Chrome version 125
Current browser version is 124.0.6367.209
Stacktrace:
0   undetected_chromedriver             0x00000001049ff8f8 undetected_chromedriver + 5146872
1   undetected_chromedriver             0x00000001049f786a undetected_chromedriver + 5113962
2   undetected_chromedriver             0x0000000104578b6c undetected_chromedriver + 400236
3   undetected_chromedriver             0x00000001045b4ec3 undetected_chromedriver + 646851
4   undetected_chromedriver             0x00000001045b3fe0 undetected_chromedriver + 643040
5   undetected_chromedriver             0x00000001045aa557 undetected_chromedriver + 603479
6   undetected_chromedriver             0x00000001045f564a undetected_chromedriver + 910922
7   undetected_chromedriver             0x00000001045e86d3 undetected_chromedriver + 857811
8   undetected_chromedriver             0x00000001045b8385 undetected_chromedriver + 660357
9   undetected_chromedriver             0x00000001045b8c1e undetected_chromedriver + 662558
10  undetected_chromedriver             0x00000001049c1c60 undetected_chromedriver + 4893792
11  undetected_chromedriver             0x00000001049c7699 undetected_chromedriver + 4916889
12  undetected_chromedriver             0x00000001049a3384 undetected_chromedriver + 4768644
13  undetected_chromedriver             0x00000001049c8179 undetected_chromedriver + 4919673
14  undetected_chromedriver             0x0000000104994c74 undetected_chromedriver + 4709492
15  undetected_chromedriver             0x00000001049e8008 undetected_chromedriver + 5050376
16  undetected_chromedriver             0x00000001049e81c7 undetected_chromedriver + 5050823
17  undetected_chromedriver             0x00000001049f741e undetected_chromedriver + 5112862
18  libsystem_pthread.dylib             0x00007ff818fb018b _pthread_start + 99
19  libsystem_pthread.dylib             0x00007ff818fabae3 thread_start + 15

[2024-05-20 09:25:57,286] p28191 {/Users/anyarulina/yandex-info-reviews-parser/get_reviews.py:127} INFO - 53218837201 not handled
[2024-05-20 09:25:57,286] p28191 {/Users/anyarulina/yandex-info-reviews-parser/get_reviews.py:152} INFO - where are no handled banks in city Белая Калитва lentgh of 0: {}
[2024-05-20 09:25:57,286] p28191 {/Users/anyarulina/yandex-info-reviews-parser/get_reviews.py:79} INFO - starting get reviews for Ишимбай city
[2024-05-20 09:25:57,287] p28191 {/Users/anyarulina/yandex-info-reviews-parser/get_reviews.py:98} INFO - I will handle 3 banks for city Ишимбай
[2024-05-20 09:25:57,287] p28191 {/Users/anyarulina/yandex-info-reviews-parser/get_reviews.py:99} INFO - links: ['https://yandex.ru/maps/org/alfa_bank/212781875727', 'https://yandex.ru/maps/org/alfa_bank/143955464407', 'https://yandex.ru/maps/org/alfa_bank/121055795231']
[2024-05-20 09:25:57,287] p28191 {/Users/anyarulina/yandex-info-reviews-parser/get_reviews.py:117} INFO - starting get reviews for id 212781875727
[2024-05-20 09:25:58,164] p28191 {/Users/anyarulina/miniconda3/envs/main/lib/python3.9/site-packages/undetected_chromedriver/patcher.py:346} INFO - patching driver executable /Users/anyarulina/Library/Application Support/undetected_chromedriver/undetected_chromedriver
[2024-05-20 10:08:45,571] p28922 {/Users/anyarulina/yandex-info-reviews-parser/pipeline_review.py:158} INFO - start pipeline for sberbank at 2024-05-20 10:08:45.571841
[2024-05-20 10:08:45,572] p28922 {/Users/anyarulina/yandex-info-reviews-parser/pipeline_review.py:162} INFO - 631 cities in input
[2024-05-20 10:08:45,572] p28922 {/Users/anyarulina/yandex-info-reviews-parser/get_reviews.py:79} INFO - starting get reviews for Комсомольск-на-Амуре city
[2024-05-20 10:08:45,573] p28922 {/Users/anyarulina/yandex-info-reviews-parser/get_reviews.py:98} INFO - I will handle 6 banks for city Комсомольск-на-Амуре
[2024-05-20 10:08:45,573] p28922 {/Users/anyarulina/yandex-info-reviews-parser/get_reviews.py:99} INFO - links: ['https://yandex.ru/maps/org/sberbank/176633646397', 'https://yandex.ru/maps/org/sberbank/1015285943', 'https://yandex.ru/maps/org/sberbank/1126721076', 'https://yandex.ru/maps/org/sberbank/1032802945', 'https://yandex.ru/maps/org/sberbank/1177444594', 'https://yandex.ru/maps/org/sberbank/1098566961']
[2024-05-20 10:08:45,573] p28922 {/Users/anyarulina/yandex-info-reviews-parser/get_reviews.py:123} INFO - review for 176633646397 in Комсомольск-на-Амуре already exists
[2024-05-20 10:08:45,573] p28922 {/Users/anyarulina/yandex-info-reviews-parser/get_reviews.py:147} INFO - 5 items left
[2024-05-20 10:08:45,573] p28922 {/Users/anyarulina/yandex-info-reviews-parser/get_reviews.py:123} INFO - review for 1015285943 in Комсомольск-на-Амуре already exists
[2024-05-20 10:08:45,573] p28922 {/Users/anyarulina/yandex-info-reviews-parser/get_reviews.py:147} INFO - 4 items left
[2024-05-20 10:08:45,573] p28922 {/Users/anyarulina/yandex-info-reviews-parser/get_reviews.py:123} INFO - review for 1126721076 in Комсомольск-на-Амуре already exists
[2024-05-20 10:08:45,573] p28922 {/Users/anyarulina/yandex-info-reviews-parser/get_reviews.py:147} INFO - 3 items left
[2024-05-20 10:08:45,573] p28922 {/Users/anyarulina/yandex-info-reviews-parser/get_reviews.py:123} INFO - review for 1032802945 in Комсомольск-на-Амуре already exists
[2024-05-20 10:08:45,573] p28922 {/Users/anyarulina/yandex-info-reviews-parser/get_reviews.py:147} INFO - 2 items left
[2024-05-20 10:08:45,573] p28922 {/Users/anyarulina/yandex-info-reviews-parser/get_reviews.py:123} INFO - review for 1177444594 in Комсомольск-на-Амуре already exists
[2024-05-20 10:08:45,573] p28922 {/Users/anyarulina/yandex-info-reviews-parser/get_reviews.py:147} INFO - 1 items left
[2024-05-20 10:08:45,573] p28922 {/Users/anyarulina/yandex-info-reviews-parser/get_reviews.py:123} INFO - review for 1098566961 in Комсомольск-на-Амуре already exists
[2024-05-20 10:08:45,573] p28922 {/Users/anyarulina/yandex-info-reviews-parser/get_reviews.py:147} INFO - 0 items left
[2024-05-20 10:08:45,573] p28922 {/Users/anyarulina/yandex-info-reviews-parser/get_reviews.py:152} INFO - where are no handled banks in city Комсомольск-на-Амуре lentgh of 0: {}
[2024-05-20 10:08:45,574] p28922 {/Users/anyarulina/yandex-info-reviews-parser/get_reviews.py:79} INFO - starting get reviews for Ростов-на-Дону city
[2024-05-20 10:08:45,574] p28922 {/Users/anyarulina/yandex-info-reviews-parser/get_reviews.py:98} INFO - I will handle 43 banks for city Ростов-на-Дону
[2024-05-20 10:08:45,574] p28922 {/Users/anyarulina/yandex-info-reviews-parser/get_reviews.py:99} INFO - links: ['https://yandex.ru/maps/org/sberbank/1218094837', 'https://yandex.ru/maps/org/sberbank/1104749549', 'https://yandex.ru/maps/org/sberbank/1127942040', 'https://yandex.ru/maps/org/sberbank/1089260108', 'https://yandex.ru/maps/org/sberbank/1085792484', 'https://yandex.ru/maps/org/sberbank/208523008760', 'https://yandex.ru/maps/org/sberbank/1159326785', 'https://yandex.ru/maps/org/sberbank/1198939980', 'https://yandex.ru/maps/org/sberbank/227959543804', 'https://yandex.ru/maps/org/sberbank/1040538270', 'https://yandex.ru/maps/org/sberbank/166373240123', 'https://yandex.ru/maps/org/sberbank/1218767647', 'https://yandex.ru/maps/org/sberbank/1113330412', 'https://yandex.ru/maps/org/sberbank/1100022934', 'https://yandex.ru/maps/org/sberbank/1039190815', 'https://yandex.ru/maps/org/sberbank/1029929331', 'https://yandex.ru/maps/org/sberbank/1010072093', 'https://yandex.ru/maps/org/sberbank/140694924437', 'https://yandex.ru/maps/org/sberbank/1185179840', 'https://yandex.ru/maps/org/sberbank/1006271079', 'https://yandex.ru/maps/org/sberbank/1043442459', 'https://yandex.ru/maps/org/sberbank/1132609989', 'https://yandex.ru/maps/org/sberbank/1080538719', 'https://yandex.ru/maps/org/sberbank/1143292302', 'https://yandex.ru/maps/org/sberbank/1037035959', 'https://yandex.ru/maps/org/sberbank/23264672899', 'https://yandex.ru/maps/org/sberbank/1064626852', 'https://yandex.ru/maps/org/sberbank/1097005007', 'https://yandex.ru/maps/org/sberbank/1126770639', 'https://yandex.ru/maps/org/sberbank/1049163220', 'https://yandex.ru/maps/org/sberbank/65821319009', 'https://yandex.ru/maps/org/sberbank/1116632620', 'https://yandex.ru/maps/org/sberbank/1104835095', 'https://yandex.ru/maps/org/sberbank/1267333822', 'https://yandex.ru/maps/org/sberbank/1170817659', 'https://yandex.ru/maps/org/sberbank/1005721868', 'https://yandex.ru/maps/org/sberbank/1021085802', 'https://yandex.ru/maps/org/sberbank/1103115802', 'https://yandex.ru/maps/org/sberbank/1107595679', 'https://yandex.ru/maps/org/sberbank/220139300161', 'https://yandex.ru/maps/org/sberbank/179621466299', 'https://yandex.ru/maps/org/sberbank/1089356293', 'https://yandex.ru/maps/org/sberbank/1104935763']
[2024-05-20 10:08:45,574] p28922 {/Users/anyarulina/yandex-info-reviews-parser/get_reviews.py:123} INFO - review for 1218094837 in Ростов-на-Дону already exists
[2024-05-20 10:08:45,574] p28922 {/Users/anyarulina/yandex-info-reviews-parser/get_reviews.py:147} INFO - 42 items left
[2024-05-20 10:08:45,574] p28922 {/Users/anyarulina/yandex-info-reviews-parser/get_reviews.py:123} INFO - review for 1104749549 in Ростов-на-Дону already exists
[2024-05-20 10:08:45,574] p28922 {/Users/anyarulina/yandex-info-reviews-parser/get_reviews.py:147} INFO - 41 items left
[2024-05-20 10:08:45,574] p28922 {/Users/anyarulina/yandex-info-reviews-parser/get_reviews.py:123} INFO - review for 1127942040 in Ростов-на-Дону already exists
[2024-05-20 10:08:45,574] p28922 {/Users/anyarulina/yandex-info-reviews-parser/get_reviews.py:147} INFO - 40 items left
[2024-05-20 10:08:45,574] p28922 {/Users/anyarulina/yandex-info-reviews-parser/get_reviews.py:123} INFO - review for 1089260108 in Ростов-на-Дону already exists
[2024-05-20 10:08:45,574] p28922 {/Users/anyarulina/yandex-info-reviews-parser/get_reviews.py:147} INFO - 39 items left
[2024-05-20 10:08:45,574] p28922 {/Users/anyarulina/yandex-info-reviews-parser/get_reviews.py:123} INFO - review for 1085792484 in Ростов-на-Дону already exists
[2024-05-20 10:08:45,574] p28922 {/Users/anyarulina/yandex-info-reviews-parser/get_reviews.py:147} INFO - 38 items left
[2024-05-20 10:08:45,574] p28922 {/Users/anyarulina/yandex-info-reviews-parser/get_reviews.py:123} INFO - review for 208523008760 in Ростов-на-Дону already exists
[2024-05-20 10:08:45,574] p28922 {/Users/anyarulina/yandex-info-reviews-parser/get_reviews.py:147} INFO - 37 items left
[2024-05-20 10:08:45,574] p28922 {/Users/anyarulina/yandex-info-reviews-parser/get_reviews.py:123} INFO - review for 1159326785 in Ростов-на-Дону already exists
[2024-05-20 10:08:45,574] p28922 {/Users/anyarulina/yandex-info-reviews-parser/get_reviews.py:147} INFO - 36 items left
[2024-05-20 10:08:45,575] p28922 {/Users/anyarulina/yandex-info-reviews-parser/get_reviews.py:123} INFO - review for 1198939980 in Ростов-на-Дону already exists
[2024-05-20 10:08:45,575] p28922 {/Users/anyarulina/yandex-info-reviews-parser/get_reviews.py:147} INFO - 35 items left
[2024-05-20 10:08:45,575] p28922 {/Users/anyarulina/yandex-info-reviews-parser/get_reviews.py:123} INFO - review for 227959543804 in Ростов-на-Дону already exists
[2024-05-20 10:08:45,575] p28922 {/Users/anyarulina/yandex-info-reviews-parser/get_reviews.py:147} INFO - 34 items left
[2024-05-20 10:08:45,575] p28922 {/Users/anyarulina/yandex-info-reviews-parser/get_reviews.py:123} INFO - review for 1040538270 in Ростов-на-Дону already exists
[2024-05-20 10:08:45,575] p28922 {/Users/anyarulina/yandex-info-reviews-parser/get_reviews.py:147} INFO - 33 items left
[2024-05-20 10:08:45,575] p28922 {/Users/anyarulina/yandex-info-reviews-parser/get_reviews.py:123} INFO - review for 166373240123 in Ростов-на-Дону already exists
[2024-05-20 10:08:45,575] p28922 {/Users/anyarulina/yandex-info-reviews-parser/get_reviews.py:147} INFO - 32 items left
[2024-05-20 10:08:45,575] p28922 {/Users/anyarulina/yandex-info-reviews-parser/get_reviews.py:123} INFO - review for 1218767647 in Ростов-на-Дону already exists
[2024-05-20 10:08:45,575] p28922 {/Users/anyarulina/yandex-info-reviews-parser/get_reviews.py:147} INFO - 31 items left
[2024-05-20 10:08:45,575] p28922 {/Users/anyarulina/yandex-info-reviews-parser/get_reviews.py:123} INFO - review for 1113330412 in Ростов-на-Дону already exists
[2024-05-20 10:08:45,575] p28922 {/Users/anyarulina/yandex-info-reviews-parser/get_reviews.py:147} INFO - 30 items left
[2024-05-20 10:08:45,575] p28922 {/Users/anyarulina/yandex-info-reviews-parser/get_reviews.py:123} INFO - review for 1100022934 in Ростов-на-Дону already exists
[2024-05-20 10:08:45,575] p28922 {/Users/anyarulina/yandex-info-reviews-parser/get_reviews.py:147} INFO - 29 items left
[2024-05-20 10:08:45,575] p28922 {/Users/anyarulina/yandex-info-reviews-parser/get_reviews.py:123} INFO - review for 1039190815 in Ростов-на-Дону already exists
[2024-05-20 10:08:45,575] p28922 {/Users/anyarulina/yandex-info-reviews-parser/get_reviews.py:147} INFO - 28 items left
[2024-05-20 10:08:45,575] p28922 {/Users/anyarulina/yandex-info-reviews-parser/get_reviews.py:123} INFO - review for 1029929331 in Ростов-на-Дону already exists
[2024-05-20 10:08:45,575] p28922 {/Users/anyarulina/yandex-info-reviews-parser/get_reviews.py:147} INFO - 27 items left
[2024-05-20 10:08:45,575] p28922 {/Users/anyarulina/yandex-info-reviews-parser/get_reviews.py:123} INFO - review for 1010072093 in Ростов-на-Дону already exists
[2024-05-20 10:08:45,575] p28922 {/Users/anyarulina/yandex-info-reviews-parser/get_reviews.py:147} INFO - 26 items left
[2024-05-20 10:08:45,575] p28922 {/Users/anyarulina/yandex-info-reviews-parser/get_reviews.py:123} INFO - review for 140694924437 in Ростов-на-Дону already exists
[2024-05-20 10:08:45,576] p28922 {/Users/anyarulina/yandex-info-reviews-parser/get_reviews.py:147} INFO - 25 items left
[2024-05-20 10:08:45,576] p28922 {/Users/anyarulina/yandex-info-reviews-parser/get_reviews.py:123} INFO - review for 1185179840 in Ростов-на-Дону already exists
[2024-05-20 10:08:45,576] p28922 {/Users/anyarulina/yandex-info-reviews-parser/get_reviews.py:147} INFO - 24 items left
[2024-05-20 10:08:45,576] p28922 {/Users/anyarulina/yandex-info-reviews-parser/get_reviews.py:123} INFO - review for 1006271079 in Ростов-на-Дону already exists
[2024-05-20 10:08:45,576] p28922 {/Users/anyarulina/yandex-info-reviews-parser/get_reviews.py:147} INFO - 23 items left
[2024-05-20 10:08:45,576] p28922 {/Users/anyarulina/yandex-info-reviews-parser/get_reviews.py:123} INFO - review for 1043442459 in Ростов-на-Дону already exists
[2024-05-20 10:08:45,576] p28922 {/Users/anyarulina/yandex-info-reviews-parser/get_reviews.py:147} INFO - 22 items left
[2024-05-20 10:08:45,576] p28922 {/Users/anyarulina/yandex-info-reviews-parser/get_reviews.py:123} INFO - review for 1132609989 in Ростов-на-Дону already exists
[2024-05-20 10:08:45,576] p28922 {/Users/anyarulina/yandex-info-reviews-parser/get_reviews.py:147} INFO - 21 items left
[2024-05-20 10:08:45,576] p28922 {/Users/anyarulina/yandex-info-reviews-parser/get_reviews.py:123} INFO - review for 1080538719 in Ростов-на-Дону already exists
[2024-05-20 10:08:45,576] p28922 {/Users/anyarulina/yandex-info-reviews-parser/get_reviews.py:147} INFO - 20 items left
[2024-05-20 10:08:45,576] p28922 {/Users/anyarulina/yandex-info-reviews-parser/get_reviews.py:123} INFO - review for 1143292302 in Ростов-на-Дону already exists
[2024-05-20 10:08:45,577] p28922 {/Users/anyarulina/yandex-info-reviews-parser/get_reviews.py:147} INFO - 19 items left
[2024-05-20 10:08:45,577] p28922 {/Users/anyarulina/yandex-info-reviews-parser/get_reviews.py:123} INFO - review for 1037035959 in Ростов-на-Дону already exists
[2024-05-20 10:08:45,577] p28922 {/Users/anyarulina/yandex-info-reviews-parser/get_reviews.py:147} INFO - 18 items left
[2024-05-20 10:08:45,577] p28922 {/Users/anyarulina/yandex-info-reviews-parser/get_reviews.py:123} INFO - review for 23264672899 in Ростов-на-Дону already exists
[2024-05-20 10:08:45,577] p28922 {/Users/anyarulina/yandex-info-reviews-parser/get_reviews.py:147} INFO - 17 items left
[2024-05-20 10:08:45,577] p28922 {/Users/anyarulina/yandex-info-reviews-parser/get_reviews.py:123} INFO - review for 1064626852 in Ростов-на-Дону already exists
[2024-05-20 10:08:45,577] p28922 {/Users/anyarulina/yandex-info-reviews-parser/get_reviews.py:147} INFO - 16 items left
[2024-05-20 10:08:45,577] p28922 {/Users/anyarulina/yandex-info-reviews-parser/get_reviews.py:123} INFO - review for 1097005007 in Ростов-на-Дону already exists
[2024-05-20 10:08:45,577] p28922 {/Users/anyarulina/yandex-info-reviews-parser/get_reviews.py:147} INFO - 15 items left
[2024-05-20 10:08:45,577] p28922 {/Users/anyarulina/yandex-info-reviews-parser/get_reviews.py:123} INFO - review for 1126770639 in Ростов-на-Дону already exists
[2024-05-20 10:08:45,577] p28922 {/Users/anyarulina/yandex-info-reviews-parser/get_reviews.py:147} INFO - 14 items left
[2024-05-20 10:08:45,577] p28922 {/Users/anyarulina/yandex-info-reviews-parser/get_reviews.py:123} INFO - review for 1049163220 in Ростов-на-Дону already exists
[2024-05-20 10:08:45,577] p28922 {/Users/anyarulina/yandex-info-reviews-parser/get_reviews.py:147} INFO - 13 items left
[2024-05-20 10:08:45,577] p28922 {/Users/anyarulina/yandex-info-reviews-parser/get_reviews.py:123} INFO - review for 65821319009 in Ростов-на-Дону already exists
[2024-05-20 10:08:45,577] p28922 {/Users/anyarulina/yandex-info-reviews-parser/get_reviews.py:147} INFO - 12 items left
[2024-05-20 10:08:45,577] p28922 {/Users/anyarulina/yandex-info-reviews-parser/get_reviews.py:123} INFO - review for 1116632620 in Ростов-на-Дону already exists
[2024-05-20 10:08:45,577] p28922 {/Users/anyarulina/yandex-info-reviews-parser/get_reviews.py:147} INFO - 11 items left
[2024-05-20 10:08:45,578] p28922 {/Users/anyarulina/yandex-info-reviews-parser/get_reviews.py:123} INFO - review for 1104835095 in Ростов-на-Дону already exists
[2024-05-20 10:08:45,578] p28922 {/Users/anyarulina/yandex-info-reviews-parser/get_reviews.py:147} INFO - 10 items left
[2024-05-20 10:08:45,578] p28922 {/Users/anyarulina/yandex-info-reviews-parser/get_reviews.py:123} INFO - review for 1267333822 in Ростов-на-Дону already exists
[2024-05-20 10:08:45,578] p28922 {/Users/anyarulina/yandex-info-reviews-parser/get_reviews.py:147} INFO - 9 items left
[2024-05-20 10:08:45,578] p28922 {/Users/anyarulina/yandex-info-reviews-parser/get_reviews.py:123} INFO - review for 1170817659 in Ростов-на-Дону already exists
[2024-05-20 10:08:45,578] p28922 {/Users/anyarulina/yandex-info-reviews-parser/get_reviews.py:147} INFO - 8 items left
[2024-05-20 10:08:45,578] p28922 {/Users/anyarulina/yandex-info-reviews-parser/get_reviews.py:123} INFO - review for 1005721868 in Ростов-на-Дону already exists
[2024-05-20 10:08:45,578] p28922 {/Users/anyarulina/yandex-info-reviews-parser/get_reviews.py:147} INFO - 7 items left
[2024-05-20 10:08:45,578] p28922 {/Users/anyarulina/yandex-info-reviews-parser/get_reviews.py:123} INFO - review for 1021085802 in Ростов-на-Дону already exists
[2024-05-20 10:08:45,578] p28922 {/Users/anyarulina/yandex-info-reviews-parser/get_reviews.py:147} INFO - 6 items left
[2024-05-20 10:08:45,578] p28922 {/Users/anyarulina/yandex-info-reviews-parser/get_reviews.py:123} INFO - review for 1103115802 in Ростов-на-Дону already exists
[2024-05-20 10:08:45,578] p28922 {/Users/anyarulina/yandex-info-reviews-parser/get_reviews.py:147} INFO - 5 items left
[2024-05-20 10:08:45,578] p28922 {/Users/anyarulina/yandex-info-reviews-parser/get_reviews.py:123} INFO - review for 1107595679 in Ростов-на-Дону already exists
[2024-05-20 10:08:45,578] p28922 {/Users/anyarulina/yandex-info-reviews-parser/get_reviews.py:147} INFO - 4 items left
[2024-05-20 10:08:45,578] p28922 {/Users/anyarulina/yandex-info-reviews-parser/get_reviews.py:123} INFO - review for 220139300161 in Ростов-на-Дону already exists
[2024-05-20 10:08:45,578] p28922 {/Users/anyarulina/yandex-info-reviews-parser/get_reviews.py:147} INFO - 3 items left
[2024-05-20 10:08:45,578] p28922 {/Users/anyarulina/yandex-info-reviews-parser/get_reviews.py:123} INFO - review for 179621466299 in Ростов-на-Дону already exists
[2024-05-20 10:08:45,578] p28922 {/Users/anyarulina/yandex-info-reviews-parser/get_reviews.py:147} INFO - 2 items left
[2024-05-20 10:08:45,578] p28922 {/Users/anyarulina/yandex-info-reviews-parser/get_reviews.py:123} INFO - review for 1089356293 in Ростов-на-Дону already exists
[2024-05-20 10:08:45,578] p28922 {/Users/anyarulina/yandex-info-reviews-parser/get_reviews.py:147} INFO - 1 items left
[2024-05-20 10:08:45,579] p28922 {/Users/anyarulina/yandex-info-reviews-parser/get_reviews.py:123} INFO - review for 1104935763 in Ростов-на-Дону already exists
[2024-05-20 10:08:45,579] p28922 {/Users/anyarulina/yandex-info-reviews-parser/get_reviews.py:147} INFO - 0 items left
[2024-05-20 10:08:45,579] p28922 {/Users/anyarulina/yandex-info-reviews-parser/get_reviews.py:152} INFO - where are no handled banks in city Ростов-на-Дону lentgh of 0: {}
[2024-05-20 10:08:45,579] p28922 {/Users/anyarulina/yandex-info-reviews-parser/get_reviews.py:79} INFO - starting get reviews for Славянск-на-Кубани city
[2024-05-20 10:08:45,579] p28922 {/Users/anyarulina/yandex-info-reviews-parser/get_reviews.py:98} INFO - I will handle 3 banks for city Славянск-на-Кубани
[2024-05-20 10:08:45,579] p28922 {/Users/anyarulina/yandex-info-reviews-parser/get_reviews.py:99} INFO - links: ['https://yandex.ru/maps/org/sberbank/1134633479', 'https://yandex.ru/maps/org/sberbank/1082793186', 'https://yandex.ru/maps/org/sberbank/1029865350']
[2024-05-20 10:08:45,579] p28922 {/Users/anyarulina/yandex-info-reviews-parser/get_reviews.py:123} INFO - review for 1134633479 in Славянск-на-Кубани already exists
[2024-05-20 10:08:45,579] p28922 {/Users/anyarulina/yandex-info-reviews-parser/get_reviews.py:147} INFO - 2 items left
[2024-05-20 10:08:45,579] p28922 {/Users/anyarulina/yandex-info-reviews-parser/get_reviews.py:123} INFO - review for 1082793186 in Славянск-на-Кубани already exists
[2024-05-20 10:08:45,579] p28922 {/Users/anyarulina/yandex-info-reviews-parser/get_reviews.py:147} INFO - 1 items left
[2024-05-20 10:08:45,579] p28922 {/Users/anyarulina/yandex-info-reviews-parser/get_reviews.py:123} INFO - review for 1029865350 in Славянск-на-Кубани already exists
[2024-05-20 10:08:45,579] p28922 {/Users/anyarulina/yandex-info-reviews-parser/get_reviews.py:147} INFO - 0 items left
[2024-05-20 10:08:45,579] p28922 {/Users/anyarulina/yandex-info-reviews-parser/get_reviews.py:152} INFO - where are no handled banks in city Славянск-на-Кубани lentgh of 0: {}
[2024-05-20 10:08:45,579] p28922 {/Users/anyarulina/yandex-info-reviews-parser/log.py:32} ERROR - Logging an uncaught exception
Traceback (most recent call last):
  File "/Users/anyarulina/yandex-info-reviews-parser/pipeline_review.py", line 199, in <module>
    for func in funcs:
NameError: name 'funcs' is not defined
[2024-05-20 10:09:05,357] p28940 {/Users/anyarulina/yandex-info-reviews-parser/after_work.py:240} INFO - len final_df before filter 692666
[2024-05-20 10:09:05,954] p28940 {/Users/anyarulina/yandex-info-reviews-parser/after_work.py:262} INFO - len final_df after filter 466591
[2024-05-20 10:09:06,485] p28940 {/Users/anyarulina/yandex-info-reviews-parser/after_work.py:273} INFO - I will save reviews length of 466542
[2024-05-20 10:09:06,485] p28940 {/Users/anyarulina/yandex-info-reviews-parser/after_work.py:274} INFO - final_df.shape (466542, 8)
[2024-05-20 10:09:06,493] p28940 {/Users/anyarulina/yandex-info-reviews-parser/after_work.py:275} INFO - unique banks 3520
[2024-05-20 10:09:06,735] p28940 {/Users/anyarulina/yandex-info-reviews-parser/after_work.py:276} INFO - unique cities 617
[2024-05-20 10:10:30,453] p28940 {/Users/anyarulina/yandex-info-reviews-parser/after_work.py:284} INFO - I saved reviews length of 466542
[2024-05-20 10:12:02,945] p28998 {/Users/anyarulina/yandex-info-reviews-parser/after_work.py:240} INFO - len final_df before filter 692666
[2024-05-20 10:12:03,506] p28998 {/Users/anyarulina/yandex-info-reviews-parser/after_work.py:262} INFO - len final_df after filter 477885
[2024-05-20 10:12:04,039] p28998 {/Users/anyarulina/yandex-info-reviews-parser/after_work.py:273} INFO - I will save reviews length of 477836
[2024-05-20 10:12:04,039] p28998 {/Users/anyarulina/yandex-info-reviews-parser/after_work.py:274} INFO - final_df.shape (477836, 8)
[2024-05-20 10:12:04,047] p28998 {/Users/anyarulina/yandex-info-reviews-parser/after_work.py:275} INFO - unique banks 3572
[2024-05-20 10:12:04,296] p28998 {/Users/anyarulina/yandex-info-reviews-parser/after_work.py:276} INFO - unique cities 620
[2024-05-20 10:13:24,712] p28998 {/Users/anyarulina/yandex-info-reviews-parser/after_work.py:284} INFO - I saved reviews length of 477836
[2024-05-20 10:14:54,281] p29081 {/Users/anyarulina/yandex-info-reviews-parser/after_work.py:240} INFO - len final_df before filter 181859
[2024-05-20 10:14:54,432] p29081 {/Users/anyarulina/yandex-info-reviews-parser/after_work.py:262} INFO - len final_df after filter 68051
[2024-05-20 10:14:54,510] p29081 {/Users/anyarulina/yandex-info-reviews-parser/after_work.py:273} INFO - I will save reviews length of 67787
[2024-05-20 10:14:54,510] p29081 {/Users/anyarulina/yandex-info-reviews-parser/after_work.py:274} INFO - final_df.shape (67787, 8)
[2024-05-20 10:14:54,511] p29081 {/Users/anyarulina/yandex-info-reviews-parser/after_work.py:275} INFO - unique banks 532
[2024-05-20 10:14:54,542] p29081 {/Users/anyarulina/yandex-info-reviews-parser/after_work.py:276} INFO - unique cities 378
[2024-05-20 10:15:09,392] p29081 {/Users/anyarulina/yandex-info-reviews-parser/after_work.py:284} INFO - I saved reviews length of 67787
[2024-05-20 10:17:36,233] p29163 {/Users/anyarulina/yandex-info-reviews-parser/after_work.py:240} INFO - len final_df before filter 181859
[2024-05-20 10:17:36,382] p29163 {/Users/anyarulina/yandex-info-reviews-parser/after_work.py:262} INFO - len final_df after filter 68051
[2024-05-20 10:17:36,461] p29163 {/Users/anyarulina/yandex-info-reviews-parser/after_work.py:273} INFO - I will save reviews length of 67787
[2024-05-20 10:17:36,461] p29163 {/Users/anyarulina/yandex-info-reviews-parser/after_work.py:274} INFO - final_df.shape (67787, 8)
[2024-05-20 10:17:36,463] p29163 {/Users/anyarulina/yandex-info-reviews-parser/after_work.py:275} INFO - unique banks 532
[2024-05-20 10:17:36,499] p29163 {/Users/anyarulina/yandex-info-reviews-parser/after_work.py:276} INFO - unique cities 378
[2024-05-20 10:17:51,689] p29196 {/Users/anyarulina/yandex-info-reviews-parser/pipeline_review.py:158} INFO - start pipeline for alfa_bank at 2024-05-20 10:17:51.689496
[2024-05-20 10:17:51,689] p29196 {/Users/anyarulina/yandex-info-reviews-parser/pipeline_review.py:162} INFO - 631 cities in input
[2024-05-20 10:17:51,690] p29196 {/Users/anyarulina/yandex-info-reviews-parser/get_reviews.py:79} INFO - starting get reviews for Челябинск city
[2024-05-20 10:17:51,690] p29196 {/Users/anyarulina/yandex-info-reviews-parser/get_reviews.py:98} INFO - I will handle 7 banks for city Челябинск
[2024-05-20 10:17:51,690] p29196 {/Users/anyarulina/yandex-info-reviews-parser/get_reviews.py:99} INFO - links: ['https://yandex.ru/maps/org/alfa_bank/58527131828', 'https://yandex.ru/maps/org/alfa_bank/23216428868', 'https://yandex.ru/maps/org/alfa_bank/139592626660', 'https://yandex.ru/maps/org/alfa_bank/138995344255', 'https://yandex.ru/maps/org/alfa_bank/132482659526', 'https://yandex.ru/maps/org/alfa_bank/1030580735', 'https://yandex.ru/maps/org/alfa_bank/1034159938']
[2024-05-20 10:17:51,690] p29196 {/Users/anyarulina/yandex-info-reviews-parser/get_reviews.py:117} INFO - starting get reviews for id 58527131828
[2024-05-20 10:17:53,269] p29196 {/Users/anyarulina/miniconda3/envs/main/lib/python3.9/site-packages/undetected_chromedriver/patcher.py:346} INFO - patching driver executable /Users/anyarulina/Library/Application Support/undetected_chromedriver/undetected_chromedriver
[2024-05-20 10:17:57,500] p29196 {/Users/anyarulina/yandex-info-reviews-parser/get_reviews.py:126} INFO - ERRORed organization_url https://yandex.ru/maps/org/alfa_bank/58527131828 Message: unknown error: cannot connect to chrome at 127.0.0.1:57667
from session not created: This version of ChromeDriver only supports Chrome version 125
Current browser version is 124.0.6367.209
Stacktrace:
0   undetected_chromedriver             0x0000000100ff38f8 undetected_chromedriver + 5146872
1   undetected_chromedriver             0x0000000100feb86a undetected_chromedriver + 5113962
2   undetected_chromedriver             0x0000000100b6cb6c undetected_chromedriver + 400236
3   undetected_chromedriver             0x0000000100ba8ec3 undetected_chromedriver + 646851
4   undetected_chromedriver             0x0000000100ba7fe0 undetected_chromedriver + 643040
5   undetected_chromedriver             0x0000000100b9e557 undetected_chromedriver + 603479
6   undetected_chromedriver             0x0000000100be964a undetected_chromedriver + 910922
7   undetected_chromedriver             0x0000000100bdc6d3 undetected_chromedriver + 857811
8   undetected_chromedriver             0x0000000100bac385 undetected_chromedriver + 660357
9   undetected_chromedriver             0x0000000100bacc1e undetected_chromedriver + 662558
10  undetected_chromedriver             0x0000000100fb5c60 undetected_chromedriver + 4893792
11  undetected_chromedriver             0x0000000100fbb699 undetected_chromedriver + 4916889
12  undetected_chromedriver             0x0000000100f97384 undetected_chromedriver + 4768644
13  undetected_chromedriver             0x0000000100fbc179 undetected_chromedriver + 4919673
14  undetected_chromedriver             0x0000000100f88c74 undetected_chromedriver + 4709492
15  undetected_chromedriver             0x0000000100fdc008 undetected_chromedriver + 5050376
16  undetected_chromedriver             0x0000000100fdc1c7 undetected_chromedriver + 5050823
17  undetected_chromedriver             0x0000000100feb41e undetected_chromedriver + 5112862
18  libsystem_pthread.dylib             0x00007ff818fb018b _pthread_start + 99
19  libsystem_pthread.dylib             0x00007ff818fabae3 thread_start + 15

[2024-05-20 10:17:57,501] p29196 {/Users/anyarulina/yandex-info-reviews-parser/get_reviews.py:127} INFO - 58527131828 not handled
[2024-05-20 10:17:57,501] p29196 {/Users/anyarulina/yandex-info-reviews-parser/get_reviews.py:152} INFO - where are no handled banks in city Челябинск lentgh of 0: {}
[2024-05-20 10:17:57,501] p29196 {/Users/anyarulina/yandex-info-reviews-parser/log.py:32} ERROR - Logging an uncaught exception
Traceback (most recent call last):
  File "/Users/anyarulina/yandex-info-reviews-parser/pipeline_review.py", line 200, in <module>
    for func in funcs:
NameError: name 'funcs' is not defined
[2024-05-20 10:41:55,602] p29659 {/Users/anyarulina/yandex-info-reviews-parser/after_work.py:240} INFO - len final_df before filter 182396
[2024-05-20 10:41:55,759] p29659 {/Users/anyarulina/yandex-info-reviews-parser/after_work.py:262} INFO - len final_df after filter 68588
[2024-05-20 10:41:55,837] p29659 {/Users/anyarulina/yandex-info-reviews-parser/after_work.py:273} INFO - I will save reviews length of 68323
[2024-05-20 10:41:55,837] p29659 {/Users/anyarulina/yandex-info-reviews-parser/after_work.py:274} INFO - final_df.shape (68323, 8)
[2024-05-20 10:41:55,839] p29659 {/Users/anyarulina/yandex-info-reviews-parser/after_work.py:275} INFO - unique banks 535
[2024-05-20 10:41:55,870] p29659 {/Users/anyarulina/yandex-info-reviews-parser/after_work.py:276} INFO - unique cities 379
[2024-05-20 10:52:15,114] p29802 {/Users/anyarulina/yandex-info-reviews-parser/after_work.py:240} INFO - len final_df before filter 183179
[2024-05-20 10:52:15,272] p29802 {/Users/anyarulina/yandex-info-reviews-parser/after_work.py:262} INFO - len final_df after filter 69371
[2024-05-20 10:52:15,352] p29802 {/Users/anyarulina/yandex-info-reviews-parser/after_work.py:273} INFO - I will save reviews length of 69106
[2024-05-20 10:52:15,352] p29802 {/Users/anyarulina/yandex-info-reviews-parser/after_work.py:274} INFO - final_df.shape (69106, 8)
[2024-05-20 10:52:15,353] p29802 {/Users/anyarulina/yandex-info-reviews-parser/after_work.py:275} INFO - unique banks 539
[2024-05-20 10:52:15,384] p29802 {/Users/anyarulina/yandex-info-reviews-parser/after_work.py:276} INFO - unique cities 379
[2024-05-20 10:52:30,387] p29802 {/Users/anyarulina/yandex-info-reviews-parser/after_work.py:284} INFO - I saved reviews length of 69106
